\BOOKMARK [0][-]{chapter.1}{Introduction}{}% 1
\BOOKMARK [0][-]{chapter.2}{Principales fonctionnalités}{}% 2
\BOOKMARK [1][-]{section.2.1}{Sprint\0400}{chapter.2}% 3
\BOOKMARK [2][-]{subsection.2.1.1}{Affichage d'une scène 3D}{section.2.1}% 4
\BOOKMARK [2][-]{subsection.2.1.2}{Manipulation de la caméra}{section.2.1}% 5
\BOOKMARK [1][-]{section.2.2}{Sprint\0401}{chapter.2}% 6
\BOOKMARK [2][-]{subsection.2.2.1}{Ajout\040d'un\040objet\0403D}{section.2.2}% 7
\BOOKMARK [2][-]{subsection.2.2.2}{Amélioration de la caméra}{section.2.2}% 8
\BOOKMARK [2][-]{subsection.2.2.3}{Création de l'interface graphique}{section.2.2}% 9
\BOOKMARK [1][-]{section.2.3}{Sprint\0402}{chapter.2}% 10
\BOOKMARK [2][-]{subsection.2.3.1}{Création des principes de base du moteur 3D}{section.2.3}% 11
\BOOKMARK [2][-]{subsection.2.3.2}{Ajout d'une possibilité de sélection des objets}{section.2.3}% 12
\BOOKMARK [2][-]{subsection.2.3.3}{Manipulation\040des\040forces\040dans\040l'interface\040graphique}{section.2.3}% 13
\BOOKMARK [2][-]{subsection.2.3.4}{Possibilité de lancer la simulation}{section.2.3}% 14
\BOOKMARK [1][-]{section.2.4}{Sprint\0403}{chapter.2}% 15
\BOOKMARK [2][-]{subsection.2.4.1}{Ajout de nouvelles formes prédéfinies}{section.2.4}% 16
\BOOKMARK [2][-]{subsection.2.4.2}{Prévisualisation d'un objet 3D}{section.2.4}% 17
\BOOKMARK [2][-]{subsection.2.4.3}{Importation\040et\040exportation\040d'un\040projet\040*.obj}{section.2.4}% 18
\BOOKMARK [2][-]{subsection.2.4.4}{Détection des collisions}{section.2.4}% 19
\BOOKMARK [0][-]{chapter.3}{Découpage de l'application}{}% 20
\BOOKMARK [0][-]{chapter.4}{Architecture\040de\040l'application}{}% 21
\BOOKMARK [1][-]{section.4.1}{7Physics}{chapter.4}% 22
\BOOKMARK [2][-]{subsection.4.1.1}{GUI}{section.4.1}% 23
\BOOKMARK [2][-]{subsection.4.1.2}{Files}{section.4.1}% 24
\BOOKMARK [2][-]{subsection.4.1.3}{Tests}{section.4.1}% 25
\BOOKMARK [1][-]{section.4.2}{Common}{chapter.4}% 26
\BOOKMARK [2][-]{subsection.4.2.1}{Logger}{section.4.2}% 27
\BOOKMARK [2][-]{subsection.4.2.2}{Types\040utilitaires}{section.4.2}% 28
\BOOKMARK [2][-]{subsection.4.2.3}{Formes prédéfinies}{section.4.2}% 29
\BOOKMARK [2][-]{subsection.4.2.4}{Tests}{section.4.2}% 30
\BOOKMARK [1][-]{section.4.3}{Engine}{chapter.4}% 31
\BOOKMARK [2][-]{subsection.4.3.1}{PhysicObject}{section.4.3}% 32
\BOOKMARK [2][-]{subsection.4.3.2}{World}{section.4.3}% 33
\BOOKMARK [2][-]{subsection.4.3.3}{Tests}{section.4.3}% 34
\BOOKMARK [1][-]{section.4.4}{Renderer}{chapter.4}% 35
\BOOKMARK [2][-]{subsection.4.4.1}{Camera}{section.4.4}% 36
\BOOKMARK [2][-]{subsection.4.4.2}{Object3D}{section.4.4}% 37
\BOOKMARK [2][-]{subsection.4.4.3}{Scene3D}{section.4.4}% 38
\BOOKMARK [2][-]{subsection.4.4.4}{Ground}{section.4.4}% 39
\BOOKMARK [2][-]{subsection.4.4.5}{Tests}{section.4.4}% 40
\BOOKMARK [2][-]{subsection.4.4.6}{Interaction\040avec\040OpenGL}{section.4.4}% 41
\BOOKMARK [0][-]{chapter.5}{Principaux\040choix}{}% 42
\BOOKMARK [1][-]{section.5.1}{Conception}{chapter.5}% 43
\BOOKMARK [2][-]{subsection.5.1.1}{Création de la maquette IHM}{section.5.1}% 44
\BOOKMARK [2][-]{subsection.5.1.2}{Création d'un diagramme de classe}{section.5.1}% 45
\BOOKMARK [1][-]{section.5.2}{Réalisation}{chapter.5}% 46
\BOOKMARK [1][-]{section.5.3}{Problèmes rencontrés et solutions apportées}{chapter.5}% 47
\BOOKMARK [2][-]{subsection.5.3.1}{Rafraîchissement du rendu graphique}{section.5.3}% 48
\BOOKMARK [2][-]{subsection.5.3.2}{Caméra fixée sur la scène}{section.5.3}% 49
\BOOKMARK [2][-]{subsection.5.3.3}{Rendu pixelisé}{section.5.3}% 50
\BOOKMARK [2][-]{subsection.5.3.4}{Problèmes de simulation}{section.5.3}% 51
\BOOKMARK [0][-]{chapter.6}{Organisation de l'équipe et mise en oeuvre des méthodes agiles}{}% 52
\BOOKMARK [1][-]{section.6.1}{Mise\040en\040place\040du\040projet}{chapter.6}% 53
\BOOKMARK [1][-]{section.6.2}{Utilisation des cérémonies agiles}{chapter.6}% 54
\BOOKMARK [2][-]{subsection.6.2.1}{Sprint\040planning}{section.6.2}% 55
\BOOKMARK [2][-]{subsection.6.2.2}{Daily\040scrum}{section.6.2}% 56
\BOOKMARK [2][-]{subsection.6.2.3}{Sanity\040Check}{section.6.2}% 57
\BOOKMARK [2][-]{subsection.6.2.4}{Sprint\040Review}{section.6.2}% 58
\BOOKMARK [2][-]{subsection.6.2.5}{Retrospective}{section.6.2}% 59
